<?xml version="1.0" encoding="UTF-8"?>
<testng-results ignored="0" total="1" passed="1" failed="0" skipped="0">
  <reporter-output>
  </reporter-output>
  <suite started-at="2024-03-23T09:43:47 IST" name="Default suite" finished-at="2024-03-23T09:50:09 IST" duration-ms="381707">
    <groups>
    </groups>
    <test started-at="2024-03-23T09:43:47 IST" name="Default test" finished-at="2024-03-23T09:50:09 IST" duration-ms="381707">
      <class name="com.Flipkart.testcases.ProductInfo">
        <test-method is-config="true" signature="setUpSuite()[pri:0, instance:com.Flipkart.testcases.ProductInfo@4c1909a3]" started-at="2024-03-23T09:43:47 IST" name="setUpSuite" finished-at="2024-03-23T09:43:47 IST" duration-ms="205" status="PASS">
          <reporter-output>
          </reporter-output>
        </test-method> <!-- setUpSuite -->
        <test-method is-config="true" signature="setup()[pri:0, instance:com.Flipkart.testcases.ProductInfo@4c1909a3]" started-at="2024-03-23T09:43:48 IST" name="setup" finished-at="2024-03-23T09:43:55 IST" duration-ms="7599" status="PASS">
          <reporter-output>
          </reporter-output>
        </test-method> <!-- setup -->
        <test-method signature="productInfoExtraction()[pri:0, instance:com.Flipkart.testcases.ProductInfo@4c1909a3]" started-at="2024-03-23T09:43:55 IST" name="productInfoExtraction" finished-at="2024-03-23T09:50:07 IST" duration-ms="372170" status="PASS">
          <reporter-output>
          </reporter-output>
        </test-method> <!-- productInfoExtraction -->
        <test-method is-config="true" signature="tearDownMethod(org.testng.ITestResult)[pri:0, instance:com.Flipkart.testcases.ProductInfo@4c1909a3]" started-at="2024-03-23T09:50:07 IST" name="tearDownMethod" finished-at="2024-03-23T09:50:09 IST" duration-ms="1452" status="PASS">
          <params>
            <param index="0">
              <value>
                <![CDATA[[TestResult name=productInfoExtraction status=SUCCESS method=ProductInfo.productInfoExtraction()[pri:0, instance:com.Flipkart.testcases.ProductInfo@4c1909a3] output={null}]]]>
              </value>
            </param>
          </params>
          <reporter-output>
          </reporter-output>
        </test-method> <!-- tearDownMethod -->
        <test-method is-config="true" signature="tearDown()[pri:0, instance:com.Flipkart.testcases.ProductInfo@4c1909a3]" started-at="2024-03-23T09:50:09 IST" name="tearDown" finished-at="2024-03-23T09:50:09 IST" duration-ms="445" status="PASS">
          <reporter-output>
          </reporter-output>
        </test-method> <!-- tearDown -->
      </class> <!-- com.Flipkart.testcases.ProductInfo -->
    </test> <!-- Default test -->
  </suite> <!-- Default suite -->
</testng-results>
