<?xml version="1.0" encoding="UTF-8"?>
<!-- Generated by org.testng.reporters.JUnitXMLReporter -->
<testsuite ignored="1" hostname="PSL-7WH4XM3" failures="0" tests="2" name="Test" time="409.298" errors="0" timestamp="2024-03-23T05:27:38 IST">
  <testcase classname="com.Flipkart.testcases.AddProductToCart" name="verifyAddProductToCart" time="13.858"/>
  <testcase classname="com.Flipkart.testcases.ProductInfo" name="productInfoExtraction" time="376.648"/>
  <testcase classname="com.Flipkart.pages.BaseClass" name="@BeforeSuite setUpSuite" time="0.0">
    <ignored/>
  </testcase> <!-- @BeforeSuite setUpSuite -->
</testsuite> <!-- Test -->
